<?xml version="1.0" encoding="UTF-8"?>
<!-- Generated by org.testng.reporters.JUnitReportReporter -->
<testsuite skipped="0" hostname="GOL010670" name="getRequest.GetData" tests="1" failures="0" timestamp="11 Apr 2018 09:36:37 GMT" time="3.030" errors="0">
  <testcase name="testResponsecode" time="3.030" classname="getRequest.GetData"/>
</testsuite> <!-- getRequest.GetData -->
